<?xml version="1.0" encoding="UTF-8"?>
<!DOCTYPE properties SYSTEM "http://java.sun.com/dtd/properties.dtd">
<properties version="1.0">
    <comment>Sample test run arguments</comment>
    <entry key="iut">file:///Users/gobehobona/Documents/GitHub/ets-sensorml20/src/test/resources/OEM_Sensor_SecurityConstraints.xml</entry>
    <entry key="ics">class-A,class-B</entry>
</properties>
